


ARM Macro Assembler    Page 1 


    1 00000000         ; * ----------------------------------------------------
                       -----------------------------------
    2 00000000         ; *  @file:    startup_MKE02Z4.s
    3 00000000         ; *  @purpose: CMSIS Cortex-M0P Core Device Startup File
                       
    4 00000000         ; *            MKE02Z4
    5 00000000         ; *  @version: 1.0
    6 00000000         ; *  @date:    2017-5-19
    7 00000000         ; *  @build:   b170623
    8 00000000         ; * ----------------------------------------------------
                       -----------------------------------
    9 00000000         ; *
   10 00000000         ; * Copyright 1997-2016 Freescale Semiconductor, Inc.
   11 00000000         ; * Copyright 2016-2017 NXP
   12 00000000         ; * Redistribution and use in source and binary forms, w
                       ith or without modification,
   13 00000000         ; * are permitted provided that the following conditions
                        are met:
   14 00000000         ; *
   15 00000000         ; * 1. Redistributions of source code must retain the ab
                       ove copyright notice, this list
   16 00000000         ; *   of conditions and the following disclaimer.
   17 00000000         ; *
   18 00000000         ; * 2. Redistributions in binary form must reproduce the
                        above copyright notice, this
   19 00000000         ; *   list of conditions and the following disclaimer in
                        the documentation and/or
   20 00000000         ; *   other materials provided with the distribution.
   21 00000000         ; *
   22 00000000         ; * 3. Neither the name of the copyright holder nor the 
                       names of its
   23 00000000         ; *   contributors may be used to endorse or promote pro
                       ducts derived from this
   24 00000000         ; *   software without specific prior written permission
                       .
   25 00000000         ; *
   26 00000000         ; * THIS SOFTWARE IS PROVIDED BY THE COPYRIGHT HOLDERS A
                       ND CONTRIBUTORS "AS IS" AND
   27 00000000         ; * ANY EXPRESS OR IMPLIED WARRANTIES, INCLUDING, BUT NO
                       T LIMITED TO, THE IMPLIED
   28 00000000         ; * WARRANTIES OF MERCHANTABILITY AND FITNESS FOR A PART
                       ICULAR PURPOSE ARE
   29 00000000         ; * DISCLAIMED. IN NO EVENT SHALL THE COPYRIGHT HOLDER O
                       R CONTRIBUTORS BE LIABLE FOR
   30 00000000         ; * ANY DIRECT, INDIRECT, INCIDENTAL, SPECIAL, EXEMPLARY
                       , OR CONSEQUENTIAL DAMAGES
   31 00000000         ; * (INCLUDING, BUT NOT LIMITED TO, PROCUREMENT OF SUBST
                       ITUTE GOODS OR SERVICES;
   32 00000000         ; * LOSS OF USE, DATA, OR PROFITS; OR BUSINESS INTERRUPT
                       ION) HOWEVER CAUSED AND ON
   33 00000000         ; * ANY THEORY OF LIABILITY, WHETHER IN CONTRACT, STRICT
                        LIABILITY, OR TORT
   34 00000000         ; * (INCLUDING NEGLIGENCE OR OTHERWISE) ARISING IN ANY W
                       AY OUT OF THE USE OF THIS
   35 00000000         ; * SOFTWARE, EVEN IF ADVISED OF THE POSSIBILITY OF SUCH
                        DAMAGE.
   36 00000000         ; *
   37 00000000         ; *------- <<< Use Configuration Wizard in Context Menu 
                       >>> ------------------



ARM Macro Assembler    Page 2 


   38 00000000         ; *
   39 00000000         ; ******************************************************
                       ***********************/
   40 00000000         
   41 00000000         
   42 00000000         ; <h> Stack Configuration
   43 00000000         ;   <o> Stack Size (in Bytes) <0x0-0xFFFFFFFF:8>
   44 00000000         ; </h>
   45 00000000         
   46 00000000 00000400 
                       Stack_Size
                               EQU              0x00000400
   47 00000000         
   48 00000000                 AREA             STACK, NOINIT, READWRITE, ALIGN
=3
   49 00000000         Stack_Mem
                               SPACE            Stack_Size
   50 00000400         __initial_sp
   51 00000400         
   52 00000400         
   53 00000400         ; <h> Heap Configuration
   54 00000400         ;   <o>  Heap Size (in Bytes) <0x0-0xFFFFFFFF:8>
   55 00000400         ; </h>
   56 00000400         
   57 00000400 00000000 
                       Heap_Size
                               EQU              0x00000000
   58 00000400         
   59 00000400                 AREA             HEAP, NOINIT, READWRITE, ALIGN=
3
   60 00000000         __heap_base
   61 00000000         Heap_Mem
                               SPACE            Heap_Size
   62 00000000         __heap_limit
   63 00000000         
   64 00000000         
   65 00000000                 PRESERVE8
   66 00000000                 THUMB
   67 00000000         
   68 00000000         
   69 00000000         ; Vector Table Mapped to Address 0 at Reset
   70 00000000         
   71 00000000                 AREA             RESET, DATA, READONLY
   72 00000000                 EXPORT           __Vectors
   73 00000000                 EXPORT           __Vectors_End
   74 00000000                 EXPORT           __Vectors_Size
   75 00000000         
   76 00000000 00000000 
                       __Vectors
                               DCD              __initial_sp ; Top of Stack
   77 00000004 00000000        DCD              Reset_Handler ; Reset Handler
   78 00000008 00000000        DCD              NMI_Handler ;NMI Handler
   79 0000000C 00000000        DCD              HardFault_Handler 
                                                            ;Hard Fault Handler
                                                            
   80 00000010 00000000        DCD              0           ;Reserved
   81 00000014 00000000        DCD              0           ;Reserved
   82 00000018 00000000        DCD              0           ;Reserved
   83 0000001C 00000000        DCD              0           ;Reserved



ARM Macro Assembler    Page 3 


   84 00000020 00000000        DCD              0           ;Reserved
   85 00000024 00000000        DCD              0           ;Reserved
   86 00000028 00000000        DCD              0           ;Reserved
   87 0000002C 00000000        DCD              SVC_Handler ;SVCall Handler
   88 00000030 00000000        DCD              0           ;Reserved
   89 00000034 00000000        DCD              0           ;Reserved
   90 00000038 00000000        DCD              PendSV_Handler ;PendSV Handler
   91 0000003C 00000000        DCD              SysTick_Handler 
                                                            ;SysTick Handler
   92 00000040         
   93 00000040         ;External Interrupts
   94 00000040 00000000        DCD              Reserved16_IRQHandler 
                                                            ;Reserved interrupt
                                                            
   95 00000044 00000000        DCD              Reserved17_IRQHandler 
                                                            ;Reserved interrupt
                                                            
   96 00000048 00000000        DCD              Reserved18_IRQHandler 
                                                            ;Reserved interrupt
                                                            
   97 0000004C 00000000        DCD              Reserved19_IRQHandler 
                                                            ;Reserved interrupt
                                                            
   98 00000050 00000000        DCD              Reserved20_IRQHandler 
                                                            ;Reserved interrupt
                                                            
   99 00000054 00000000        DCD              FTMRH_IRQHandler ;Command compl
                                                            ete and error inter
                                                            rupt
  100 00000058 00000000        DCD              PMC_IRQHandler ;Low-voltage war
                                                            ning
  101 0000005C 00000000        DCD              IRQ_IRQHandler 
                                                            ;External interrupt
                                                            
  102 00000060 00000000        DCD              I2C0_IRQHandler ;Single interru
                                                            pt vector for all s
                                                            ources
  103 00000064 00000000        DCD              Reserved25_IRQHandler 
                                                            ;Reserved interrupt
                                                            
  104 00000068 00000000        DCD              SPI0_IRQHandler ;Single interru
                                                            pt vector for all s
                                                            ources
  105 0000006C 00000000        DCD              SPI1_IRQHandler ;Single interru
                                                            pt vector for all s
                                                            ources
  106 00000070 00000000        DCD              UART0_IRQHandler 
                                                            ;Status and error
  107 00000074 00000000        DCD              UART1_IRQHandler 
                                                            ;Status and error
  108 00000078 00000000        DCD              UART2_IRQHandler 
                                                            ;Status and error
  109 0000007C 00000000        DCD              ADC_IRQHandler ;ADC conversion 
                                                            complete interrupt
  110 00000080 00000000        DCD              ACMP0_IRQHandler ;Analog compar
                                                            ator 0 interrupt
  111 00000084 00000000        DCD              FTM0_IRQHandler ;FTM0 single in
                                                            terrupt vector for 
                                                            all sources



ARM Macro Assembler    Page 4 


  112 00000088 00000000        DCD              FTM1_IRQHandler ;FTM1 single in
                                                            terrupt vector for 
                                                            all sources
  113 0000008C 00000000        DCD              FTM2_IRQHandler ;FTM2 single in
                                                            terrupt vector for 
                                                            all sources
  114 00000090 00000000        DCD              RTC_IRQHandler ;RTC overflow
  115 00000094 00000000        DCD              ACMP1_IRQHandler ;Analog compar
                                                            ator 1 interrupt
  116 00000098 00000000        DCD              PIT_CH0_IRQHandler 
                                                            ;PIT CH0 overflow
  117 0000009C 00000000        DCD              PIT_CH1_IRQHandler 
                                                            ;PIT CH1 overflow
  118 000000A0 00000000        DCD              KBI0_IRQHandler ;Keyboard inter
                                                            rupt0
  119 000000A4 00000000        DCD              KBI1_IRQHandler ;Keyboard inter
                                                            rupt1
  120 000000A8 00000000        DCD              Reserved42_IRQHandler 
                                                            ;Reserved interrupt
                                                            
  121 000000AC 00000000        DCD              ICS_IRQHandler 
                                                            ;Clock loss of lock
                                                            
  122 000000B0 00000000        DCD              WDOG_IRQHandler 
                                                            ;Watchdog timeout
  123 000000B4 00000000        DCD              Reserved45_IRQHandler 
                                                            ;Reserved interrupt
                                                            
  124 000000B8 00000000        DCD              Reserved46_IRQHandler 
                                                            ;Reserved interrupt
                                                            
  125 000000BC 00000000        DCD              Reserved47_IRQHandler 
                                                            ;Reserved interrupt
                                                            
  126 000000C0         __Vectors_End
  127 000000C0         
  128 000000C0 000000C0 
                       __Vectors_Size
                               EQU              __Vectors_End - __Vectors
  129 000000C0         
  130 000000C0         ; <h> Flash Configuration
  131 000000C0         ;   <i> 16-byte flash configuration field that stores de
                       fault protection settings (loaded on reset)
  132 000000C0         ;   <i> and security information that allows the MCU to 
                       restrict access to the FTFL module.
  133 000000C0         ;   <h> Backdoor Comparison Key
  134 000000C0         ;   </h>
  135 000000C0         ; </h>
  136 000000C0                 IF               :LNOT::DEF:RAM_TARGET
  137 000000C0                 AREA             |.ARM.__at_0x400|, CODE, READON
LY
  138 00000000 FF FF FF 
              FF               DCB              0xFF      , 0xFF      , 0xFF   
   , 0xFF
  139 00000004 FF FF FF 
              FF               DCB              0xFF      , 0xFF      , 0xFF   
   , 0xFF
  140 00000008 FF FF FF 
              FF               DCB              0xFF      , 0xFF      , 0xFF   



ARM Macro Assembler    Page 5 


   , 0xFF
  141 0000000C FF FF FE 
              FF               DCB              0xFF      , 0xFF      , 0xFE   
   , 0xFF
  142 00000010                 ENDIF
  143 00000010         
  144 00000010         
  145 00000010                 AREA             |.text|, CODE, READONLY
  146 00000000         
  147 00000000         ; Reset Handler
  148 00000000         
  149 00000000         Reset_Handler
                               PROC
  150 00000000                 EXPORT           Reset_Handler             [WEAK
]
  151 00000000                 IMPORT           SystemInit
  152 00000000                 IMPORT           __main
  153 00000000         
  154 00000000 B672            CPSID            I           ; Mask interrupts
  155 00000002 4812            LDR              R0, =0xE000ED08
  156 00000004 4912            LDR              R1, =__Vectors
  157 00000006 6001            STR              R1, [R0]
  158 00000008 680A            LDR              R2, [R1]
  159 0000000A F382 8808       MSR              MSP, R2
  160 0000000E 4811            LDR              R0, =SystemInit
  161 00000010 4780            BLX              R0
  162 00000012 B662            CPSIE            i           ; Unmask interrupts
                                                            
  163 00000014 4810            LDR              R0, =__main
  164 00000016 4700            BX               R0
  165 00000018                 ENDP
  166 00000018         
  167 00000018         
  168 00000018         ; Dummy Exception Handlers (infinite loops which can be 
                       modified)
  170 00000018         NMI_Handler
                               PROC
  171 00000018                 EXPORT           NMI_Handler         [WEAK]
  172 00000018 E7FE            B                .
  173 0000001A                 ENDP
  175 0000001A         HardFault_Handler
                               PROC
  176 0000001A                 EXPORT           HardFault_Handler         [WEAK
]
  177 0000001A E7FE            B                .
  178 0000001C                 ENDP
  180 0000001C         SVC_Handler
                               PROC
  181 0000001C                 EXPORT           SVC_Handler         [WEAK]
  182 0000001C E7FE            B                .
  183 0000001E                 ENDP
  185 0000001E         PendSV_Handler
                               PROC
  186 0000001E                 EXPORT           PendSV_Handler         [WEAK]
  187 0000001E E7FE            B                .
  188 00000020                 ENDP
  190 00000020         SysTick_Handler
                               PROC
  191 00000020                 EXPORT           SysTick_Handler         [WEAK]



ARM Macro Assembler    Page 6 


  192 00000020 E7FE            B                .
  193 00000022                 ENDP
  195 00000022         I2C0_IRQHandler
                               PROC
  196 00000022                 EXPORT           I2C0_IRQHandler         [WEAK]
  197 00000022 480E            LDR              R0, =I2C0_DriverIRQHandler
  198 00000024 4700            BX               R0
  199 00000026                 ENDP
  200 00000026         
  202 00000026         SPI0_IRQHandler
                               PROC
  203 00000026                 EXPORT           SPI0_IRQHandler         [WEAK]
  204 00000026 480E            LDR              R0, =SPI0_DriverIRQHandler
  205 00000028 4700            BX               R0
  206 0000002A                 ENDP
  207 0000002A         
  209 0000002A         SPI1_IRQHandler
                               PROC
  210 0000002A                 EXPORT           SPI1_IRQHandler         [WEAK]
  211 0000002A 480E            LDR              R0, =SPI1_DriverIRQHandler
  212 0000002C 4700            BX               R0
  213 0000002E                 ENDP
  214 0000002E         
  216 0000002E         UART0_IRQHandler
                               PROC
  217 0000002E                 EXPORT           UART0_IRQHandler         [WEAK]
  218 0000002E 480E            LDR              R0, =UART0_DriverIRQHandler
  219 00000030 4700            BX               R0
  220 00000032                 ENDP
  221 00000032         
  223 00000032         UART1_IRQHandler
                               PROC
  224 00000032                 EXPORT           UART1_IRQHandler         [WEAK]
  225 00000032 480E            LDR              R0, =UART1_DriverIRQHandler
  226 00000034 4700            BX               R0
  227 00000036                 ENDP
  228 00000036         
  230 00000036         UART2_IRQHandler
                               PROC
  231 00000036                 EXPORT           UART2_IRQHandler         [WEAK]
  232 00000036 480E            LDR              R0, =UART2_DriverIRQHandler
  233 00000038 4700            BX               R0
  234 0000003A                 ENDP
  235 0000003A         
  237 0000003A         Default_Handler
                               PROC
  238 0000003A                 EXPORT           Reserved16_IRQHandler         [
WEAK]
  239 0000003A                 EXPORT           Reserved17_IRQHandler         [
WEAK]
  240 0000003A                 EXPORT           Reserved18_IRQHandler         [
WEAK]
  241 0000003A                 EXPORT           Reserved19_IRQHandler         [
WEAK]
  242 0000003A                 EXPORT           Reserved20_IRQHandler         [
WEAK]
  243 0000003A                 EXPORT           FTMRH_IRQHandler         [WEAK]
  244 0000003A                 EXPORT           PMC_IRQHandler         [WEAK]
  245 0000003A                 EXPORT           IRQ_IRQHandler         [WEAK]



ARM Macro Assembler    Page 7 


  246 0000003A                 EXPORT           I2C0_DriverIRQHandler         [
WEAK]
  247 0000003A                 EXPORT           Reserved25_IRQHandler         [
WEAK]
  248 0000003A                 EXPORT           SPI0_DriverIRQHandler         [
WEAK]
  249 0000003A                 EXPORT           SPI1_DriverIRQHandler         [
WEAK]
  250 0000003A                 EXPORT           UART0_DriverIRQHandler         
[WEAK]
  251 0000003A                 EXPORT           UART1_DriverIRQHandler         
[WEAK]
  252 0000003A                 EXPORT           UART2_DriverIRQHandler         
[WEAK]
  253 0000003A                 EXPORT           ADC_IRQHandler         [WEAK]
  254 0000003A                 EXPORT           ACMP0_IRQHandler         [WEAK]
  255 0000003A                 EXPORT           FTM0_IRQHandler         [WEAK]
  256 0000003A                 EXPORT           FTM1_IRQHandler         [WEAK]
  257 0000003A                 EXPORT           FTM2_IRQHandler         [WEAK]
  258 0000003A                 EXPORT           RTC_IRQHandler         [WEAK]
  259 0000003A                 EXPORT           ACMP1_IRQHandler         [WEAK]
  260 0000003A                 EXPORT           PIT_CH0_IRQHandler         [WEA
K]
  261 0000003A                 EXPORT           PIT_CH1_IRQHandler         [WEA
K]
  262 0000003A                 EXPORT           KBI0_IRQHandler         [WEAK]
  263 0000003A                 EXPORT           KBI1_IRQHandler         [WEAK]
  264 0000003A                 EXPORT           Reserved42_IRQHandler         [
WEAK]
  265 0000003A                 EXPORT           ICS_IRQHandler         [WEAK]
  266 0000003A                 EXPORT           WDOG_IRQHandler         [WEAK]
  267 0000003A                 EXPORT           Reserved45_IRQHandler         [
WEAK]
  268 0000003A                 EXPORT           Reserved46_IRQHandler         [
WEAK]
  269 0000003A                 EXPORT           Reserved47_IRQHandler         [
WEAK]
  270 0000003A                 EXPORT           DefaultISR         [WEAK]
  271 0000003A         Reserved16_IRQHandler
  272 0000003A         Reserved17_IRQHandler
  273 0000003A         Reserved18_IRQHandler
  274 0000003A         Reserved19_IRQHandler
  275 0000003A         Reserved20_IRQHandler
  276 0000003A         FTMRH_IRQHandler
  277 0000003A         PMC_IRQHandler
  278 0000003A         IRQ_IRQHandler
  279 0000003A         I2C0_DriverIRQHandler
  280 0000003A         Reserved25_IRQHandler
  281 0000003A         SPI0_DriverIRQHandler
  282 0000003A         SPI1_DriverIRQHandler
  283 0000003A         UART0_DriverIRQHandler
  284 0000003A         UART1_DriverIRQHandler
  285 0000003A         UART2_DriverIRQHandler
  286 0000003A         ADC_IRQHandler
  287 0000003A         ACMP0_IRQHandler
  288 0000003A         FTM0_IRQHandler
  289 0000003A         FTM1_IRQHandler
  290 0000003A         FTM2_IRQHandler
  291 0000003A         RTC_IRQHandler



ARM Macro Assembler    Page 8 


  292 0000003A         ACMP1_IRQHandler
  293 0000003A         PIT_CH0_IRQHandler
  294 0000003A         PIT_CH1_IRQHandler
  295 0000003A         KBI0_IRQHandler
  296 0000003A         KBI1_IRQHandler
  297 0000003A         Reserved42_IRQHandler
  298 0000003A         ICS_IRQHandler
  299 0000003A         WDOG_IRQHandler
  300 0000003A         Reserved45_IRQHandler
  301 0000003A         Reserved46_IRQHandler
  302 0000003A         Reserved47_IRQHandler
  303 0000003A         DefaultISR
  304 0000003A 480E            LDR              R0, =DefaultISR
  305 0000003C 4700            BX               R0
  306 0000003E                 ENDP
  307 0000003E 00 00           ALIGN
  308 00000040         
  309 00000040         
  310 00000040         ; User Initial Stack & Heap
  311 00000040         
  312 00000040                 IF               :DEF:__MICROLIB
  319 00000040         
  320 00000040                 IMPORT           __use_two_region_memory
  321 00000040                 EXPORT           __user_initial_stackheap
  322 00000040         __user_initial_stackheap
  323 00000040         
  324 00000040 480D            LDR              R0, =  Heap_Mem
  325 00000042 490E            LDR              R1, =(Stack_Mem + Stack_Size)
  326 00000044 4A0C            LDR              R2, = (Heap_Mem +  Heap_Size)
  327 00000046 4B0E            LDR              R3, = Stack_Mem
  328 00000048 4770            BX               LR
  329 0000004A         
  330 0000004A 00 00           ALIGN
  331 0000004C         
  332 0000004C                 ENDIF
  333 0000004C         
  334 0000004C         
  335 0000004C                 END
              E000ED08 
              00000000 
              00000000 
              00000000 
              00000000 
              00000000 
              00000000 
              00000000 
              00000000 
              00000000 
              00000000 
              00000000 
              00000400 
              00000000 
Command Line: --debug --xref --diag_suppress=9931 --cpu=Cortex-M0+ --apcs=inter
work --depend=.\objects\startup_mke02z4.d -o.\objects\startup_mke02z4.o -I.\RTE
\Device\MKE02Z64xxx4 -I.\RTE\_Target_1 -IC:\Users\cepl_\AppData\Local\Arm\Packs
\ARM\CMSIS\5.7.0\CMSIS\Core\Include -IC:\Users\cepl_\AppData\Local\Arm\Packs\Ke
il\Kinetis_KExx_DFP\1.8.1\Device\Include --predefine="__EVAL SETA 1" --predefin
e="__UVISION_VERSION SETA 534" --predefine="_RTE_ SETA 1" --predefine="MKE02Z64
xxx4 SETA 1" --predefine="_RTE_ SETA 1" --list=.\listings\startup_mke02z4.lst R



ARM Macro Assembler    Page 9 


TE\Device\MKE02Z64xxx4\startup_MKE02Z4.s



ARM Macro Assembler    Page 1 Alphabetic symbol ordering
Relocatable symbols

STACK 00000000

Symbol: STACK
   Definitions
      At line 48 in file RTE\Device\MKE02Z64xxx4\startup_MKE02Z4.s
   Uses
      None
Comment: STACK unused
Stack_Mem 00000000

Symbol: Stack_Mem
   Definitions
      At line 49 in file RTE\Device\MKE02Z64xxx4\startup_MKE02Z4.s
   Uses
      At line 325 in file RTE\Device\MKE02Z64xxx4\startup_MKE02Z4.s
      At line 327 in file RTE\Device\MKE02Z64xxx4\startup_MKE02Z4.s

__initial_sp 00000400

Symbol: __initial_sp
   Definitions
      At line 50 in file RTE\Device\MKE02Z64xxx4\startup_MKE02Z4.s
   Uses
      At line 76 in file RTE\Device\MKE02Z64xxx4\startup_MKE02Z4.s
Comment: __initial_sp used once
3 symbols



ARM Macro Assembler    Page 1 Alphabetic symbol ordering
Relocatable symbols

HEAP 00000000

Symbol: HEAP
   Definitions
      At line 59 in file RTE\Device\MKE02Z64xxx4\startup_MKE02Z4.s
   Uses
      None
Comment: HEAP unused
Heap_Mem 00000000

Symbol: Heap_Mem
   Definitions
      At line 61 in file RTE\Device\MKE02Z64xxx4\startup_MKE02Z4.s
   Uses
      At line 324 in file RTE\Device\MKE02Z64xxx4\startup_MKE02Z4.s
      At line 326 in file RTE\Device\MKE02Z64xxx4\startup_MKE02Z4.s

__heap_base 00000000

Symbol: __heap_base
   Definitions
      At line 60 in file RTE\Device\MKE02Z64xxx4\startup_MKE02Z4.s
   Uses
      None
Comment: __heap_base unused
__heap_limit 00000000

Symbol: __heap_limit
   Definitions
      At line 62 in file RTE\Device\MKE02Z64xxx4\startup_MKE02Z4.s
   Uses
      None
Comment: __heap_limit unused
4 symbols



ARM Macro Assembler    Page 1 Alphabetic symbol ordering
Relocatable symbols

RESET 00000000

Symbol: RESET
   Definitions
      At line 71 in file RTE\Device\MKE02Z64xxx4\startup_MKE02Z4.s
   Uses
      None
Comment: RESET unused
__Vectors 00000000

Symbol: __Vectors
   Definitions
      At line 76 in file RTE\Device\MKE02Z64xxx4\startup_MKE02Z4.s
   Uses
      At line 72 in file RTE\Device\MKE02Z64xxx4\startup_MKE02Z4.s
      At line 128 in file RTE\Device\MKE02Z64xxx4\startup_MKE02Z4.s
      At line 156 in file RTE\Device\MKE02Z64xxx4\startup_MKE02Z4.s

__Vectors_End 000000C0

Symbol: __Vectors_End
   Definitions
      At line 126 in file RTE\Device\MKE02Z64xxx4\startup_MKE02Z4.s
   Uses
      At line 73 in file RTE\Device\MKE02Z64xxx4\startup_MKE02Z4.s
      At line 128 in file RTE\Device\MKE02Z64xxx4\startup_MKE02Z4.s

3 symbols



ARM Macro Assembler    Page 1 Alphabetic symbol ordering
Relocatable symbols

.ARM.__at_0x400 00000000

Symbol: .ARM.__at_0x400
   Definitions
      At line 137 in file RTE\Device\MKE02Z64xxx4\startup_MKE02Z4.s
   Uses
      None
Comment: .ARM.__at_0x400 unused
1 symbol



ARM Macro Assembler    Page 1 Alphabetic symbol ordering
Relocatable symbols

.text 00000000

Symbol: .text
   Definitions
      At line 145 in file RTE\Device\MKE02Z64xxx4\startup_MKE02Z4.s
   Uses
      None
Comment: .text unused
ACMP0_IRQHandler 0000003A

Symbol: ACMP0_IRQHandler
   Definitions
      At line 287 in file RTE\Device\MKE02Z64xxx4\startup_MKE02Z4.s
   Uses
      At line 110 in file RTE\Device\MKE02Z64xxx4\startup_MKE02Z4.s
      At line 254 in file RTE\Device\MKE02Z64xxx4\startup_MKE02Z4.s

ACMP1_IRQHandler 0000003A

Symbol: ACMP1_IRQHandler
   Definitions
      At line 292 in file RTE\Device\MKE02Z64xxx4\startup_MKE02Z4.s
   Uses
      At line 115 in file RTE\Device\MKE02Z64xxx4\startup_MKE02Z4.s
      At line 259 in file RTE\Device\MKE02Z64xxx4\startup_MKE02Z4.s

ADC_IRQHandler 0000003A

Symbol: ADC_IRQHandler
   Definitions
      At line 286 in file RTE\Device\MKE02Z64xxx4\startup_MKE02Z4.s
   Uses
      At line 109 in file RTE\Device\MKE02Z64xxx4\startup_MKE02Z4.s
      At line 253 in file RTE\Device\MKE02Z64xxx4\startup_MKE02Z4.s

DefaultISR 0000003A

Symbol: DefaultISR
   Definitions
      At line 303 in file RTE\Device\MKE02Z64xxx4\startup_MKE02Z4.s
   Uses
      At line 270 in file RTE\Device\MKE02Z64xxx4\startup_MKE02Z4.s
      At line 304 in file RTE\Device\MKE02Z64xxx4\startup_MKE02Z4.s

Default_Handler 0000003A

Symbol: Default_Handler
   Definitions
      At line 237 in file RTE\Device\MKE02Z64xxx4\startup_MKE02Z4.s
   Uses
      None
Comment: Default_Handler unused
FTM0_IRQHandler 0000003A

Symbol: FTM0_IRQHandler
   Definitions
      At line 288 in file RTE\Device\MKE02Z64xxx4\startup_MKE02Z4.s
   Uses
      At line 111 in file RTE\Device\MKE02Z64xxx4\startup_MKE02Z4.s



ARM Macro Assembler    Page 2 Alphabetic symbol ordering
Relocatable symbols

      At line 255 in file RTE\Device\MKE02Z64xxx4\startup_MKE02Z4.s

FTM1_IRQHandler 0000003A

Symbol: FTM1_IRQHandler
   Definitions
      At line 289 in file RTE\Device\MKE02Z64xxx4\startup_MKE02Z4.s
   Uses
      At line 112 in file RTE\Device\MKE02Z64xxx4\startup_MKE02Z4.s
      At line 256 in file RTE\Device\MKE02Z64xxx4\startup_MKE02Z4.s

FTM2_IRQHandler 0000003A

Symbol: FTM2_IRQHandler
   Definitions
      At line 290 in file RTE\Device\MKE02Z64xxx4\startup_MKE02Z4.s
   Uses
      At line 113 in file RTE\Device\MKE02Z64xxx4\startup_MKE02Z4.s
      At line 257 in file RTE\Device\MKE02Z64xxx4\startup_MKE02Z4.s

FTMRH_IRQHandler 0000003A

Symbol: FTMRH_IRQHandler
   Definitions
      At line 276 in file RTE\Device\MKE02Z64xxx4\startup_MKE02Z4.s
   Uses
      At line 99 in file RTE\Device\MKE02Z64xxx4\startup_MKE02Z4.s
      At line 243 in file RTE\Device\MKE02Z64xxx4\startup_MKE02Z4.s

HardFault_Handler 0000001A

Symbol: HardFault_Handler
   Definitions
      At line 175 in file RTE\Device\MKE02Z64xxx4\startup_MKE02Z4.s
   Uses
      At line 79 in file RTE\Device\MKE02Z64xxx4\startup_MKE02Z4.s
      At line 176 in file RTE\Device\MKE02Z64xxx4\startup_MKE02Z4.s

I2C0_DriverIRQHandler 0000003A

Symbol: I2C0_DriverIRQHandler
   Definitions
      At line 279 in file RTE\Device\MKE02Z64xxx4\startup_MKE02Z4.s
   Uses
      At line 197 in file RTE\Device\MKE02Z64xxx4\startup_MKE02Z4.s
      At line 246 in file RTE\Device\MKE02Z64xxx4\startup_MKE02Z4.s

I2C0_IRQHandler 00000022

Symbol: I2C0_IRQHandler
   Definitions
      At line 195 in file RTE\Device\MKE02Z64xxx4\startup_MKE02Z4.s
   Uses
      At line 102 in file RTE\Device\MKE02Z64xxx4\startup_MKE02Z4.s
      At line 196 in file RTE\Device\MKE02Z64xxx4\startup_MKE02Z4.s

ICS_IRQHandler 0000003A

Symbol: ICS_IRQHandler



ARM Macro Assembler    Page 3 Alphabetic symbol ordering
Relocatable symbols

   Definitions
      At line 298 in file RTE\Device\MKE02Z64xxx4\startup_MKE02Z4.s
   Uses
      At line 121 in file RTE\Device\MKE02Z64xxx4\startup_MKE02Z4.s
      At line 265 in file RTE\Device\MKE02Z64xxx4\startup_MKE02Z4.s

IRQ_IRQHandler 0000003A

Symbol: IRQ_IRQHandler
   Definitions
      At line 278 in file RTE\Device\MKE02Z64xxx4\startup_MKE02Z4.s
   Uses
      At line 101 in file RTE\Device\MKE02Z64xxx4\startup_MKE02Z4.s
      At line 245 in file RTE\Device\MKE02Z64xxx4\startup_MKE02Z4.s

KBI0_IRQHandler 0000003A

Symbol: KBI0_IRQHandler
   Definitions
      At line 295 in file RTE\Device\MKE02Z64xxx4\startup_MKE02Z4.s
   Uses
      At line 118 in file RTE\Device\MKE02Z64xxx4\startup_MKE02Z4.s
      At line 262 in file RTE\Device\MKE02Z64xxx4\startup_MKE02Z4.s

KBI1_IRQHandler 0000003A

Symbol: KBI1_IRQHandler
   Definitions
      At line 296 in file RTE\Device\MKE02Z64xxx4\startup_MKE02Z4.s
   Uses
      At line 119 in file RTE\Device\MKE02Z64xxx4\startup_MKE02Z4.s
      At line 263 in file RTE\Device\MKE02Z64xxx4\startup_MKE02Z4.s

NMI_Handler 00000018

Symbol: NMI_Handler
   Definitions
      At line 170 in file RTE\Device\MKE02Z64xxx4\startup_MKE02Z4.s
   Uses
      At line 78 in file RTE\Device\MKE02Z64xxx4\startup_MKE02Z4.s
      At line 171 in file RTE\Device\MKE02Z64xxx4\startup_MKE02Z4.s

PIT_CH0_IRQHandler 0000003A

Symbol: PIT_CH0_IRQHandler
   Definitions
      At line 293 in file RTE\Device\MKE02Z64xxx4\startup_MKE02Z4.s
   Uses
      At line 116 in file RTE\Device\MKE02Z64xxx4\startup_MKE02Z4.s
      At line 260 in file RTE\Device\MKE02Z64xxx4\startup_MKE02Z4.s

PIT_CH1_IRQHandler 0000003A

Symbol: PIT_CH1_IRQHandler
   Definitions
      At line 294 in file RTE\Device\MKE02Z64xxx4\startup_MKE02Z4.s
   Uses
      At line 117 in file RTE\Device\MKE02Z64xxx4\startup_MKE02Z4.s
      At line 261 in file RTE\Device\MKE02Z64xxx4\startup_MKE02Z4.s



ARM Macro Assembler    Page 4 Alphabetic symbol ordering
Relocatable symbols


PMC_IRQHandler 0000003A

Symbol: PMC_IRQHandler
   Definitions
      At line 277 in file RTE\Device\MKE02Z64xxx4\startup_MKE02Z4.s
   Uses
      At line 100 in file RTE\Device\MKE02Z64xxx4\startup_MKE02Z4.s
      At line 244 in file RTE\Device\MKE02Z64xxx4\startup_MKE02Z4.s

PendSV_Handler 0000001E

Symbol: PendSV_Handler
   Definitions
      At line 185 in file RTE\Device\MKE02Z64xxx4\startup_MKE02Z4.s
   Uses
      At line 90 in file RTE\Device\MKE02Z64xxx4\startup_MKE02Z4.s
      At line 186 in file RTE\Device\MKE02Z64xxx4\startup_MKE02Z4.s

RTC_IRQHandler 0000003A

Symbol: RTC_IRQHandler
   Definitions
      At line 291 in file RTE\Device\MKE02Z64xxx4\startup_MKE02Z4.s
   Uses
      At line 114 in file RTE\Device\MKE02Z64xxx4\startup_MKE02Z4.s
      At line 258 in file RTE\Device\MKE02Z64xxx4\startup_MKE02Z4.s

Reserved16_IRQHandler 0000003A

Symbol: Reserved16_IRQHandler
   Definitions
      At line 271 in file RTE\Device\MKE02Z64xxx4\startup_MKE02Z4.s
   Uses
      At line 94 in file RTE\Device\MKE02Z64xxx4\startup_MKE02Z4.s
      At line 238 in file RTE\Device\MKE02Z64xxx4\startup_MKE02Z4.s

Reserved17_IRQHandler 0000003A

Symbol: Reserved17_IRQHandler
   Definitions
      At line 272 in file RTE\Device\MKE02Z64xxx4\startup_MKE02Z4.s
   Uses
      At line 95 in file RTE\Device\MKE02Z64xxx4\startup_MKE02Z4.s
      At line 239 in file RTE\Device\MKE02Z64xxx4\startup_MKE02Z4.s

Reserved18_IRQHandler 0000003A

Symbol: Reserved18_IRQHandler
   Definitions
      At line 273 in file RTE\Device\MKE02Z64xxx4\startup_MKE02Z4.s
   Uses
      At line 96 in file RTE\Device\MKE02Z64xxx4\startup_MKE02Z4.s
      At line 240 in file RTE\Device\MKE02Z64xxx4\startup_MKE02Z4.s

Reserved19_IRQHandler 0000003A

Symbol: Reserved19_IRQHandler
   Definitions



ARM Macro Assembler    Page 5 Alphabetic symbol ordering
Relocatable symbols

      At line 274 in file RTE\Device\MKE02Z64xxx4\startup_MKE02Z4.s
   Uses
      At line 97 in file RTE\Device\MKE02Z64xxx4\startup_MKE02Z4.s
      At line 241 in file RTE\Device\MKE02Z64xxx4\startup_MKE02Z4.s

Reserved20_IRQHandler 0000003A

Symbol: Reserved20_IRQHandler
   Definitions
      At line 275 in file RTE\Device\MKE02Z64xxx4\startup_MKE02Z4.s
   Uses
      At line 98 in file RTE\Device\MKE02Z64xxx4\startup_MKE02Z4.s
      At line 242 in file RTE\Device\MKE02Z64xxx4\startup_MKE02Z4.s

Reserved25_IRQHandler 0000003A

Symbol: Reserved25_IRQHandler
   Definitions
      At line 280 in file RTE\Device\MKE02Z64xxx4\startup_MKE02Z4.s
   Uses
      At line 103 in file RTE\Device\MKE02Z64xxx4\startup_MKE02Z4.s
      At line 247 in file RTE\Device\MKE02Z64xxx4\startup_MKE02Z4.s

Reserved42_IRQHandler 0000003A

Symbol: Reserved42_IRQHandler
   Definitions
      At line 297 in file RTE\Device\MKE02Z64xxx4\startup_MKE02Z4.s
   Uses
      At line 120 in file RTE\Device\MKE02Z64xxx4\startup_MKE02Z4.s
      At line 264 in file RTE\Device\MKE02Z64xxx4\startup_MKE02Z4.s

Reserved45_IRQHandler 0000003A

Symbol: Reserved45_IRQHandler
   Definitions
      At line 300 in file RTE\Device\MKE02Z64xxx4\startup_MKE02Z4.s
   Uses
      At line 123 in file RTE\Device\MKE02Z64xxx4\startup_MKE02Z4.s
      At line 267 in file RTE\Device\MKE02Z64xxx4\startup_MKE02Z4.s

Reserved46_IRQHandler 0000003A

Symbol: Reserved46_IRQHandler
   Definitions
      At line 301 in file RTE\Device\MKE02Z64xxx4\startup_MKE02Z4.s
   Uses
      At line 124 in file RTE\Device\MKE02Z64xxx4\startup_MKE02Z4.s
      At line 268 in file RTE\Device\MKE02Z64xxx4\startup_MKE02Z4.s

Reserved47_IRQHandler 0000003A

Symbol: Reserved47_IRQHandler
   Definitions
      At line 302 in file RTE\Device\MKE02Z64xxx4\startup_MKE02Z4.s
   Uses
      At line 125 in file RTE\Device\MKE02Z64xxx4\startup_MKE02Z4.s
      At line 269 in file RTE\Device\MKE02Z64xxx4\startup_MKE02Z4.s




ARM Macro Assembler    Page 6 Alphabetic symbol ordering
Relocatable symbols

Reset_Handler 00000000

Symbol: Reset_Handler
   Definitions
      At line 149 in file RTE\Device\MKE02Z64xxx4\startup_MKE02Z4.s
   Uses
      At line 77 in file RTE\Device\MKE02Z64xxx4\startup_MKE02Z4.s
      At line 150 in file RTE\Device\MKE02Z64xxx4\startup_MKE02Z4.s

SPI0_DriverIRQHandler 0000003A

Symbol: SPI0_DriverIRQHandler
   Definitions
      At line 281 in file RTE\Device\MKE02Z64xxx4\startup_MKE02Z4.s
   Uses
      At line 204 in file RTE\Device\MKE02Z64xxx4\startup_MKE02Z4.s
      At line 248 in file RTE\Device\MKE02Z64xxx4\startup_MKE02Z4.s

SPI0_IRQHandler 00000026

Symbol: SPI0_IRQHandler
   Definitions
      At line 202 in file RTE\Device\MKE02Z64xxx4\startup_MKE02Z4.s
   Uses
      At line 104 in file RTE\Device\MKE02Z64xxx4\startup_MKE02Z4.s
      At line 203 in file RTE\Device\MKE02Z64xxx4\startup_MKE02Z4.s

SPI1_DriverIRQHandler 0000003A

Symbol: SPI1_DriverIRQHandler
   Definitions
      At line 282 in file RTE\Device\MKE02Z64xxx4\startup_MKE02Z4.s
   Uses
      At line 211 in file RTE\Device\MKE02Z64xxx4\startup_MKE02Z4.s
      At line 249 in file RTE\Device\MKE02Z64xxx4\startup_MKE02Z4.s

SPI1_IRQHandler 0000002A

Symbol: SPI1_IRQHandler
   Definitions
      At line 209 in file RTE\Device\MKE02Z64xxx4\startup_MKE02Z4.s
   Uses
      At line 105 in file RTE\Device\MKE02Z64xxx4\startup_MKE02Z4.s
      At line 210 in file RTE\Device\MKE02Z64xxx4\startup_MKE02Z4.s

SVC_Handler 0000001C

Symbol: SVC_Handler
   Definitions
      At line 180 in file RTE\Device\MKE02Z64xxx4\startup_MKE02Z4.s
   Uses
      At line 87 in file RTE\Device\MKE02Z64xxx4\startup_MKE02Z4.s
      At line 181 in file RTE\Device\MKE02Z64xxx4\startup_MKE02Z4.s

SysTick_Handler 00000020

Symbol: SysTick_Handler
   Definitions
      At line 190 in file RTE\Device\MKE02Z64xxx4\startup_MKE02Z4.s



ARM Macro Assembler    Page 7 Alphabetic symbol ordering
Relocatable symbols

   Uses
      At line 91 in file RTE\Device\MKE02Z64xxx4\startup_MKE02Z4.s
      At line 191 in file RTE\Device\MKE02Z64xxx4\startup_MKE02Z4.s

UART0_DriverIRQHandler 0000003A

Symbol: UART0_DriverIRQHandler
   Definitions
      At line 283 in file RTE\Device\MKE02Z64xxx4\startup_MKE02Z4.s
   Uses
      At line 218 in file RTE\Device\MKE02Z64xxx4\startup_MKE02Z4.s
      At line 250 in file RTE\Device\MKE02Z64xxx4\startup_MKE02Z4.s

UART0_IRQHandler 0000002E

Symbol: UART0_IRQHandler
   Definitions
      At line 216 in file RTE\Device\MKE02Z64xxx4\startup_MKE02Z4.s
   Uses
      At line 106 in file RTE\Device\MKE02Z64xxx4\startup_MKE02Z4.s
      At line 217 in file RTE\Device\MKE02Z64xxx4\startup_MKE02Z4.s

UART1_DriverIRQHandler 0000003A

Symbol: UART1_DriverIRQHandler
   Definitions
      At line 284 in file RTE\Device\MKE02Z64xxx4\startup_MKE02Z4.s
   Uses
      At line 225 in file RTE\Device\MKE02Z64xxx4\startup_MKE02Z4.s
      At line 251 in file RTE\Device\MKE02Z64xxx4\startup_MKE02Z4.s

UART1_IRQHandler 00000032

Symbol: UART1_IRQHandler
   Definitions
      At line 223 in file RTE\Device\MKE02Z64xxx4\startup_MKE02Z4.s
   Uses
      At line 107 in file RTE\Device\MKE02Z64xxx4\startup_MKE02Z4.s
      At line 224 in file RTE\Device\MKE02Z64xxx4\startup_MKE02Z4.s

UART2_DriverIRQHandler 0000003A

Symbol: UART2_DriverIRQHandler
   Definitions
      At line 285 in file RTE\Device\MKE02Z64xxx4\startup_MKE02Z4.s
   Uses
      At line 232 in file RTE\Device\MKE02Z64xxx4\startup_MKE02Z4.s
      At line 252 in file RTE\Device\MKE02Z64xxx4\startup_MKE02Z4.s

UART2_IRQHandler 00000036

Symbol: UART2_IRQHandler
   Definitions
      At line 230 in file RTE\Device\MKE02Z64xxx4\startup_MKE02Z4.s
   Uses
      At line 108 in file RTE\Device\MKE02Z64xxx4\startup_MKE02Z4.s
      At line 231 in file RTE\Device\MKE02Z64xxx4\startup_MKE02Z4.s

WDOG_IRQHandler 0000003A



ARM Macro Assembler    Page 8 Alphabetic symbol ordering
Relocatable symbols


Symbol: WDOG_IRQHandler
   Definitions
      At line 299 in file RTE\Device\MKE02Z64xxx4\startup_MKE02Z4.s
   Uses
      At line 122 in file RTE\Device\MKE02Z64xxx4\startup_MKE02Z4.s
      At line 266 in file RTE\Device\MKE02Z64xxx4\startup_MKE02Z4.s

__user_initial_stackheap 00000040

Symbol: __user_initial_stackheap
   Definitions
      At line 322 in file RTE\Device\MKE02Z64xxx4\startup_MKE02Z4.s
   Uses
      At line 321 in file RTE\Device\MKE02Z64xxx4\startup_MKE02Z4.s
Comment: __user_initial_stackheap used once
48 symbols



ARM Macro Assembler    Page 1 Alphabetic symbol ordering
Absolute symbols

Heap_Size 00000000

Symbol: Heap_Size
   Definitions
      At line 57 in file RTE\Device\MKE02Z64xxx4\startup_MKE02Z4.s
   Uses
      At line 61 in file RTE\Device\MKE02Z64xxx4\startup_MKE02Z4.s
      At line 326 in file RTE\Device\MKE02Z64xxx4\startup_MKE02Z4.s

Stack_Size 00000400

Symbol: Stack_Size
   Definitions
      At line 46 in file RTE\Device\MKE02Z64xxx4\startup_MKE02Z4.s
   Uses
      At line 49 in file RTE\Device\MKE02Z64xxx4\startup_MKE02Z4.s
      At line 325 in file RTE\Device\MKE02Z64xxx4\startup_MKE02Z4.s

__Vectors_Size 000000C0

Symbol: __Vectors_Size
   Definitions
      At line 128 in file RTE\Device\MKE02Z64xxx4\startup_MKE02Z4.s
   Uses
      At line 74 in file RTE\Device\MKE02Z64xxx4\startup_MKE02Z4.s
Comment: __Vectors_Size used once
3 symbols



ARM Macro Assembler    Page 1 Alphabetic symbol ordering
External symbols

SystemInit 00000000

Symbol: SystemInit
   Definitions
      At line 151 in file RTE\Device\MKE02Z64xxx4\startup_MKE02Z4.s
   Uses
      At line 160 in file RTE\Device\MKE02Z64xxx4\startup_MKE02Z4.s
Comment: SystemInit used once
__main 00000000

Symbol: __main
   Definitions
      At line 152 in file RTE\Device\MKE02Z64xxx4\startup_MKE02Z4.s
   Uses
      At line 163 in file RTE\Device\MKE02Z64xxx4\startup_MKE02Z4.s
Comment: __main used once
__use_two_region_memory 00000000

Symbol: __use_two_region_memory
   Definitions
      At line 320 in file RTE\Device\MKE02Z64xxx4\startup_MKE02Z4.s
   Uses
      None
Comment: __use_two_region_memory unused
3 symbols
405 symbols in table
